Terminals unused in grammar

   STRING
   INT
   COMMA
   COLON
   SEMICOLON
   LPAREN
   RPAREN
   LBRACK
   RBRACK
   LBRACE
   RBRACE
   DOT
   PLUS
   MINUS
   TIMES
   DIVIDE
   EQ
   NEQ
   LT
   LE
   GT
   GE
   AND
   OR
   ASSIGN
   ARRAY
   IF
   THEN
   ELSE
   WHILE
   FOR
   TO
   DO
   LET
   IN
   END
   OF
   BREAK
   NIL
   FUNCTION
   VAR
   TYPE


Грамматика

    0 $accept: program $end

    1 program: exp

    2 exp: ID


Терминальные символы с правилами, в которых они появляются

$end (0) 0
error (256)
ID (258) 2
STRING (259)
INT (260)
COMMA (261)
COLON (262)
SEMICOLON (263)
LPAREN (264)
RPAREN (265)
LBRACK (266)
RBRACK (267)
LBRACE (268)
RBRACE (269)
DOT (270)
PLUS (271)
MINUS (272)
TIMES (273)
DIVIDE (274)
EQ (275)
NEQ (276)
LT (277)
LE (278)
GT (279)
GE (280)
AND (281)
OR (282)
ASSIGN (283)
ARRAY (284)
IF (285)
THEN (286)
ELSE (287)
WHILE (288)
FOR (289)
TO (290)
DO (291)
LET (292)
IN (293)
END (294)
OF (295)
BREAK (296)
NIL (297)
FUNCTION (298)
VAR (299)
TYPE (300)


Нетерминальные символы с правилами, в которых они появляются

$accept (46)
    налево: 0
program (47)
    налево: 1, направо: 0
exp (48)
    налево: 2, направо: 1


состояние 0

    0 $accept: . program $end

    ID  сдвиг, и переход в состояние 1

    program  переход в состояние 2
    exp      переход в состояние 3


состояние 1

    2 exp: ID .

    $default  вывод с использованием правила 2 (exp)


состояние 2

    0 $accept: program . $end

    $end  сдвиг, и переход в состояние 4


состояние 3

    1 program: exp .

    $default  вывод с использованием правила 1 (program)


состояние 4

    0 $accept: program $end .

    $default  accept
